0 info it worked if it ends with ok
1 verbose cli [ 'C:\\Program Files\\nodejs\\node.exe',
1 verbose cli   'C:\\Users\\WMTS\\AppData\\Roaming\\npm\\node_modules\\npm\\bin\\npm-cli.js',
1 verbose cli   'publish' ]
2 info using npm@3.10.5
3 info using node@v4.4.4
4 verbose publish [ '.' ]
5 silly cache add args [ '.', null ]
6 verbose cache add spec .
7 silly cache add parsed spec Result {
7 silly cache add   raw: '.',
7 silly cache add   scope: null,
7 silly cache add   escapedName: null,
7 silly cache add   name: null,
7 silly cache add   rawSpec: '.',
7 silly cache add   spec: 'D:\\Research\\InhabitModuleTemplate\\generator-inhabit-module-template',
7 silly cache add   type: 'directory' }
8 verbose addLocalDirectory C:\Users\WMTS\AppData\Roaming\npm-cache\generator-inhabit-module-template\0.0.15\package.tgz not in flight; packing
9 verbose correctMkdir C:\Users\WMTS\AppData\Roaming\npm-cache correctMkdir not in flight; initializing
10 info lifecycle generator-inhabit-module-template@0.0.15~prepublish: generator-inhabit-module-template@0.0.15
11 verbose lifecycle generator-inhabit-module-template@0.0.15~prepublish: unsafe-perm in lifecycle true
12 verbose lifecycle generator-inhabit-module-template@0.0.15~prepublish: PATH: C:\Users\WMTS\AppData\Roaming\npm\node_modules\npm\bin\node-gyp-bin;D:\Research\InhabitModuleTemplate\generator-inhabit-module-template\node_modules\.bin;C:\Program Files\nodejs;C:\Program Files\Far Manager\;C:\Python34\;C:\Python34\Scripts;C:\ProgramData\Oracle\Java\javapath;C:\Program Files (x86)\Intel\iCLS Client\;C:\Program Files\Intel\iCLS Client\;C:\WINDOWS\system32;C:\WINDOWS;C:\WINDOWS\System32\Wbem;C:\WINDOWS\System32\WindowsPowerShell\v1.0\;C:\Users\WMTS\.dnx\bin;C:\Program Files\Microsoft DNX\Dnvm\;C:\Program Files (x86)\Windows Kits\8.1\Windows Performance Toolkit\;C:\Program Files\Microsoft SQL Server\130\Tools\Binn\;C:\Program Files\Microsoft\Web Platform Installer\;C:\Program Files\Microsoft SQL Server\120\Tools\Binn\;C:\Program Files (x86)\NVIDIA Corporation\PhysX\Common;C:\Program Files (x86)\Intel\Intel(R) Management Engine Components\DAL;C:\Program Files\Intel\Intel(R) Management Engine Components\DAL;C:\Program Files (x86)\Intel\Intel(R) Management Engine Components\IPT;C:\Program Files\Intel\Intel(R) Management Engine Components\IPT;C:\Program Files\nodejs\;D:\GIT\inhabit-azure-scripts\isetting\isetting\bin\Release;C:\Program Files\Git\cmd;C:\WINDOWS\system32;C:\WINDOWS;C:\WINDOWS\System32\Wbem;C:\WINDOWS\System32\WindowsPowerShell\v1.0\;C:\Program Files (x86)\Windows Kits\10\Windows Performance Toolkit\;C:\Program Files\TortoiseSVN\bin;C:\Program Files\Microsoft Service Fabric\bin\Fabric\Fabric.Code;C:\Program Files\Microsoft SDKs\Service Fabric\Tools\ServiceFabricLocalClusterManager;C:\Program Files\dotnet\;C:\Program Files (x86)\Microsoft SQL Server\110\DTS\Binn\;C:\Program Files (x86)\Microsoft SQL Server\120\DTS\Binn\;C:\Program Files (x86)\Microsoft SQL Server\130\DTS\Binn\;C:\Anaconda3;C:\Anaconda3\Scripts;C:\Anaconda3\Library\bin;C:\Program Files (x86)\Microsoft VS Code\bin;C:\Users\WMTS\AppData\Roaming\npm;D:\GIT\inhabit-azure-scripts\isetting\isetting\bin\Release;C:\Users\WMTS\AppData\Local\Microsoft\WindowsApps;C:\Program Files (x86)\Microsoft SDKs\Azure\AzCopy;
13 verbose lifecycle generator-inhabit-module-template@0.0.15~prepublish: CWD: D:\Research\InhabitModuleTemplate\generator-inhabit-module-template
14 silly lifecycle generator-inhabit-module-template@0.0.15~prepublish: Args: [ '/d /s /c', 'gulp prepublish' ]
15 silly lifecycle generator-inhabit-module-template@0.0.15~prepublish: Returned: code: 0  signal: null
16 verbose tar pack [ 'C:\\Users\\WMTS\\AppData\\Roaming\\npm-cache\\generator-inhabit-module-template\\0.0.15\\package.tgz',
16 verbose tar pack   'D:\\Research\\InhabitModuleTemplate\\generator-inhabit-module-template' ]
17 verbose tarball C:\Users\WMTS\AppData\Roaming\npm-cache\generator-inhabit-module-template\0.0.15\package.tgz
18 verbose folder D:\Research\InhabitModuleTemplate\generator-inhabit-module-template
19 verbose addLocalTarball adding from inside cache C:\Users\WMTS\AppData\Roaming\npm-cache\generator-inhabit-module-template\0.0.15\package.tgz
20 verbose correctMkdir C:\Users\WMTS\AppData\Roaming\npm-cache correctMkdir not in flight; initializing
21 silly cache afterAdd generator-inhabit-module-template@0.0.15
22 verbose afterAdd C:\Users\WMTS\AppData\Roaming\npm-cache\generator-inhabit-module-template\0.0.15\package\package.json not in flight; writing
23 verbose correctMkdir C:\Users\WMTS\AppData\Roaming\npm-cache correctMkdir not in flight; initializing
24 verbose afterAdd C:\Users\WMTS\AppData\Roaming\npm-cache\generator-inhabit-module-template\0.0.15\package\package.json written
25 silly publish { name: 'generator-inhabit-module-template',
25 silly publish   version: '0.0.15',
25 silly publish   description: 'This is template for inhabit modules',
25 silly publish   homepage: 'http://www.arkadium.com',
25 silly publish   author: { name: 'Wishmaster', email: 'wmts@arkadium.com' },
25 silly publish   files: [ 'generators' ],
25 silly publish   main: 'generators/index.js',
25 silly publish   keywords: [ 'template', 'inhabit', 'yeoman-generator' ],
25 silly publish   dependencies:
25 silly publish    { 'yeoman-generator': '^0.23.0',
25 silly publish      chalk: '^1.0.0',
25 silly publish      yosay: '^1.0.0' },
25 silly publish   devDependencies:
25 silly publish    { 'yeoman-test': '^1.0.0',
25 silly publish      'yeoman-assert': '^2.0.0',
25 silly publish      eslint: '^3.1.1',
25 silly publish      'eslint-config-xo-space': '^0.14.0',
25 silly publish      gulp: '^3.9.0',
25 silly publish      'gulp-eslint': '^2.0.0',
25 silly publish      'gulp-exclude-gitignore': '^1.0.0',
25 silly publish      'gulp-line-ending-corrector': '^1.0.1',
25 silly publish      'gulp-istanbul': '^1.0.0',
25 silly publish      'gulp-mocha': '^2.0.0',
25 silly publish      'gulp-plumber': '^1.0.0',
25 silly publish      'gulp-nsp': '^2.1.0' },
25 silly publish   eslintConfig: { extends: 'xo-space', env: { mocha: true } },
25 silly publish   repository:
25 silly publish    { type: 'git',
25 silly publish      url: 'git+https://github.com/WishMasterGit/generator-inhabit-module-template.git' },
25 silly publish   scripts: { prepublish: 'gulp prepublish', test: 'gulp' },
25 silly publish   license: 'MIT',
25 silly publish   readme: '# generator-inhabit-module-template [![NPM version][npm-image]][npm-url] [![Build Status][travis-image]][travis-url] [![Dependency Status][daviddm-image]][daviddm-url]\n> This is template for inhabit modules\n\n## Installation\n\nFirst, install [Yeoman](http://yeoman.io) and generator-inhabit-module-template using [npm](https://www.npmjs.com/) (we assume you have pre-installed [node.js](https://nodejs.org/)).\n\n```bash\nnpm install -g yo\nnpm install -g generator-inhabit-module-template\n```\n\nThen generate your new project:\n\n```bash\nyo inhabit-module-template\n```\n\n## Getting To Know Yeoman\n\n * Yeoman has a heart of gold.\n * Yeoman is a person with feelings and opinions, but is very easy to work with.\n * Yeoman can be too opinionated at times but is easily convinced not to be.\n * Feel free to [learn more about Yeoman](http://yeoman.io/).\n\n## License\n\nMIT © [Wishmaster]()\n\n\n[npm-image]: https://badge.fury.io/js/generator-inhabit-module-template.svg\n[npm-url]: https://npmjs.org/package/generator-inhabit-module-template\n[travis-image]: https://travis-ci.org//generator-inhabit-module-template.svg?branch=master\n[travis-url]: https://travis-ci.org//generator-inhabit-module-template\n[daviddm-image]: https://david-dm.org//generator-inhabit-module-template.svg?theme=shields.io\n[daviddm-url]: https://david-dm.org//generator-inhabit-module-template\n',
25 silly publish   readmeFilename: 'README.md',
25 silly publish   gitHead: '09024098be56de299369fc7b5b081f69f4e0076f',
25 silly publish   bugs: { url: 'https://github.com/WishMasterGit/generator-inhabit-module-template/issues' },
25 silly publish   _id: 'generator-inhabit-module-template@0.0.15',
25 silly publish   _shasum: 'd7d53c998b81462419b4d911ade560b7ea54c716',
25 silly publish   _from: '.' }
26 verbose getPublishConfig undefined
27 silly mapToRegistry name generator-inhabit-module-template
28 silly mapToRegistry using default registry
29 silly mapToRegistry registry https://registry.npmjs.org/
30 silly mapToRegistry data Result {
30 silly mapToRegistry   raw: 'generator-inhabit-module-template',
30 silly mapToRegistry   scope: null,
30 silly mapToRegistry   escapedName: 'generator-inhabit-module-template',
30 silly mapToRegistry   name: 'generator-inhabit-module-template',
30 silly mapToRegistry   rawSpec: '',
30 silly mapToRegistry   spec: 'latest',
30 silly mapToRegistry   type: 'tag' }
31 silly mapToRegistry uri https://registry.npmjs.org/generator-inhabit-module-template
32 verbose publish registryBase https://registry.npmjs.org/
33 silly publish uploading C:\Users\WMTS\AppData\Roaming\npm-cache\generator-inhabit-module-template\0.0.15\package.tgz
34 verbose request uri https://registry.npmjs.org/generator-inhabit-module-template
35 verbose request sending authorization for write operation
36 info attempt registry request try #1 at 11:34:39 AM
37 verbose request using bearer token for auth
38 verbose request id d6ce879362831999
39 http request PUT https://registry.npmjs.org/generator-inhabit-module-template
40 http 403 https://registry.npmjs.org/generator-inhabit-module-template
41 verbose headers { 'content-type': 'application/json',
41 verbose headers   'cache-control': 'max-age=300',
41 verbose headers   'content-length': '96',
41 verbose headers   'accept-ranges': 'bytes',
41 verbose headers   date: 'Mon, 12 Sep 2016 15:34:41 GMT',
41 verbose headers   via: '1.1 varnish',
41 verbose headers   connection: 'keep-alive',
41 verbose headers   'x-served-by': 'cache-ord1738-ORD',
41 verbose headers   'x-cache': 'MISS',
41 verbose headers   'x-cache-hits': '0',
41 verbose headers   'x-timer': 'S1473694480.969470,VS0,VE963',
41 verbose headers   vary: 'Accept-Encoding' }
42 verbose request invalidating C:\Users\WMTS\AppData\Roaming\npm-cache\registry.npmjs.org\generator-inhabit-module-template on PUT
43 error publish Failed PUT 403
44 verbose stack Error: "You cannot publish over the previously published version 0.0.15." : generator-inhabit-module-template
44 verbose stack     at makeError (C:\Users\WMTS\AppData\Roaming\npm\node_modules\npm\node_modules\npm-registry-client\lib\request.js:264:12)
44 verbose stack     at CachingRegistryClient.<anonymous> (C:\Users\WMTS\AppData\Roaming\npm\node_modules\npm\node_modules\npm-registry-client\lib\request.js:252:14)
44 verbose stack     at Request._callback (C:\Users\WMTS\AppData\Roaming\npm\node_modules\npm\node_modules\npm-registry-client\lib\request.js:172:14)
44 verbose stack     at Request.self.callback (C:\Users\WMTS\AppData\Roaming\npm\node_modules\npm\node_modules\request\request.js:200:22)
44 verbose stack     at emitTwo (events.js:87:13)
44 verbose stack     at Request.emit (events.js:172:7)
44 verbose stack     at Request.<anonymous> (C:\Users\WMTS\AppData\Roaming\npm\node_modules\npm\node_modules\request\request.js:1067:10)
44 verbose stack     at emitOne (events.js:82:20)
44 verbose stack     at Request.emit (events.js:169:7)
44 verbose stack     at IncomingMessage.<anonymous> (C:\Users\WMTS\AppData\Roaming\npm\node_modules\npm\node_modules\request\request.js:988:12)
45 verbose statusCode 403
46 verbose pkgid generator-inhabit-module-template
47 verbose cwd D:\Research\InhabitModuleTemplate\generator-inhabit-module-template
48 error Windows_NT 10.0.14393
49 error argv "C:\\Program Files\\nodejs\\node.exe" "C:\\Users\\WMTS\\AppData\\Roaming\\npm\\node_modules\\npm\\bin\\npm-cli.js" "publish"
50 error node v4.4.4
51 error npm  v3.10.5
52 error code E403
53 error "You cannot publish over the previously published version 0.0.15." : generator-inhabit-module-template
54 error If you need help, you may report this error at:
54 error     <https://github.com/npm/npm/issues>
55 verbose exit [ 1, true ]
